<?xml version="1.0" encoding="UTF-8"?>
<testsuite name="UserRepositoryAdapter 테스트" tests="1" skipped="0" failures="0" errors="0" timestamp="2025-10-21T04:21:09" hostname="JUN" time="0.781">
  <properties/>
  <testcase name="사용자 저장 성공" classname="com.simplebank.user.adapter.out.persistence.UserRepositoryAdapterTest" time="0.781"/>
  <system-out><![CDATA[13:21:05.903 [Test worker] INFO org.springframework.test.context.support.AnnotationConfigContextLoaderUtils -- Could not detect default configuration classes for test class [com.simplebank.user.adapter.out.persistence.UserRepositoryAdapterTest]: UserRepositoryAdapterTest does not declare any static, non-private, non-final, nested classes annotated with @Configuration.
13:21:06.039 [Test worker] INFO org.springframework.boot.test.context.SpringBootTestContextBootstrapper -- Found @SpringBootConfiguration com.simplebank.SimpleBankApplication for test class com.simplebank.user.adapter.out.persistence.UserRepositoryAdapterTest

  .   ____          _            __ _ _
 /\\ / ___'_ __ _ _(_)_ __  __ _ \ \ \ \
( ( )\___ | '_ | '_| | '_ \/ _` | \ \ \ \
 \\/  ___)| |_)| | | | | || (_| |  ) ) ) )
  '  |____| .__|_| |_|_| |_\__, | / / / /
 =========|_|==============|___/=/_/_/_/
 :: Spring Boot ::                (v3.2.0)

2025-10-21T13:21:06.501+09:00  INFO 3308 --- [simple-bank-back] [    Test worker] c.s.u.a.o.p.UserRepositoryAdapterTest    : Starting UserRepositoryAdapterTest using Java 21.0.7 with PID 3308 (started by pickj in D:\pintech\simple-bank-back)
2025-10-21T13:21:06.502+09:00 DEBUG 3308 --- [simple-bank-back] [    Test worker] c.s.u.a.o.p.UserRepositoryAdapterTest    : Running with Spring Boot v3.2.0, Spring v6.1.1
2025-10-21T13:21:06.502+09:00  INFO 3308 --- [simple-bank-back] [    Test worker] c.s.u.a.o.p.UserRepositoryAdapterTest    : No active profile set, falling back to 1 default profile: "default"
2025-10-21T13:21:06.914+09:00  INFO 3308 --- [simple-bank-back] [    Test worker] .s.d.r.c.RepositoryConfigurationDelegate : Bootstrapping Spring Data JPA repositories in DEFAULT mode.
2025-10-21T13:21:06.985+09:00  INFO 3308 --- [simple-bank-back] [    Test worker] .s.d.r.c.RepositoryConfigurationDelegate : Finished Spring Data repository scanning in 56 ms. Found 1 JPA repository interface.
2025-10-21T13:21:07.031+09:00  INFO 3308 --- [simple-bank-back] [    Test worker] beddedDataSourceBeanFactoryPostProcessor : Replacing 'dataSource' DataSource bean with embedded version
2025-10-21T13:21:07.182+09:00  INFO 3308 --- [simple-bank-back] [    Test worker] o.s.j.d.e.EmbeddedDatabaseFactory        : Starting embedded database: url='jdbc:h2:mem:bca378f2-607e-404b-b199-42cdc19a0ce5;DB_CLOSE_DELAY=-1;DB_CLOSE_ON_EXIT=false', username='sa'
2025-10-21T13:21:07.443+09:00  INFO 3308 --- [simple-bank-back] [    Test worker] o.hibernate.jpa.internal.util.LogHelper  : HHH000204: Processing PersistenceUnitInfo [name: default]
2025-10-21T13:21:07.510+09:00  INFO 3308 --- [simple-bank-back] [    Test worker] org.hibernate.Version                    : HHH000412: Hibernate ORM core version 6.3.1.Final
2025-10-21T13:21:07.549+09:00  INFO 3308 --- [simple-bank-back] [    Test worker] o.h.c.internal.RegionFactoryInitiator    : HHH000026: Second-level cache disabled
2025-10-21T13:21:07.783+09:00  INFO 3308 --- [simple-bank-back] [    Test worker] o.s.o.j.p.SpringPersistenceUnitInfo      : No LoadTimeWeaver setup: ignoring JPA class transformer
2025-10-21T13:21:08.645+09:00  INFO 3308 --- [simple-bank-back] [    Test worker] o.h.e.t.j.p.i.JtaPlatformInitiator       : HHH000489: No JTA platform available (set 'hibernate.transaction.jta.platform' to enable JTA platform integration)
2025-10-21T13:21:08.663+09:00 DEBUG 3308 --- [simple-bank-back] [    Test worker] org.hibernate.SQL                        : 
    drop table if exists users cascade 
Hibernate: 
    drop table if exists users cascade 
2025-10-21T13:21:08.671+09:00 DEBUG 3308 --- [simple-bank-back] [    Test worker] org.hibernate.SQL                        : 
    create table users (
        id bigint generated by default as identity,
        password varchar(255) not null,
        status varchar(255) not null check (status in ('ACTIVE','INACTIVE','BLOCKED')),
        username varchar(255) not null unique,
        primary key (id)
    )
Hibernate: 
    create table users (
        id bigint generated by default as identity,
        password varchar(255) not null,
        status varchar(255) not null check (status in ('ACTIVE','INACTIVE','BLOCKED')),
        username varchar(255) not null unique,
        primary key (id)
    )
2025-10-21T13:21:08.691+09:00  INFO 3308 --- [simple-bank-back] [    Test worker] j.LocalContainerEntityManagerFactoryBean : Initialized JPA EntityManagerFactory for persistence unit 'default'
2025-10-21T13:21:09.176+09:00  INFO 3308 --- [simple-bank-back] [    Test worker] c.s.u.a.o.p.UserRepositoryAdapterTest    : Started UserRepositoryAdapterTest in 3.057 seconds (process running for 4.309)
2025-10-21T13:21:09.766+09:00 DEBUG 3308 --- [simple-bank-back] [    Test worker] org.hibernate.SQL                        : 
    insert 
    into
        users
        (password, status, username, id) 
    values
        (?, ?, ?, default)
Hibernate: 
    insert 
    into
        users
        (password, status, username, id) 
    values
        (?, ?, ?, default)
2025-10-21T13:21:09.951+09:00 DEBUG 3308 --- [simple-bank-back] [    Test worker] org.hibernate.SQL                        : 
    select
        uje1_0.id,
        uje1_0.password,
        uje1_0.status,
        uje1_0.username 
    from
        users uje1_0 
    where
        uje1_0.username=?
Hibernate: 
    select
        uje1_0.id,
        uje1_0.password,
        uje1_0.status,
        uje1_0.username 
    from
        users uje1_0 
    where
        uje1_0.username=?
]]></system-out>
  <system-err><![CDATA[WARNING: A Java agent has been loaded dynamically (C:\Users\pickj\.gradle\caches\modules-2\files-2.1\net.bytebuddy\byte-buddy-agent\1.14.10\90ed94ac044ea8953b224304c762316e91fd6b31\byte-buddy-agent-1.14.10.jar)
WARNING: If a serviceability tool is in use, please run with -XX:+EnableDynamicAgentLoading to hide this warning
WARNING: If a serviceability tool is not in use, please run with -Djdk.instrument.traceUsage for more information
WARNING: Dynamic loading of agents will be disallowed by default in a future release
]]></system-err>
</testsuite>
